020400 (00222 / 01028)
0204DE (00272 / 01028)
020738 (00247 / 01028)
02082F (00858 / 01028)
020B89 (00234 / 01028)
020C73 (00411 / 01028)
020E0E (00509 / 01028)
02100B (00254 / 01028)
02182A (00298 / 01028)
021AB3 (00365 / 01028)
021C20 (00298 / 01028)
021D4A (00057 / 01028)
021D83 (00077 / 01028)
021DD0 (00167 / 01028)
021E77 (00077 / 01028)
021EC4 (00042 / 01028)
021F0E (00038 / 01028)
022140 (00267 / 01028)
02224B (00230 / 01028)
022331 (00394 / 01028)
0224BB (00153 / 01028)
022554 (00204 / 01028)
0228B1 (00326 / 00772)
022B6F (00337 / 00772)
022CC0 (00166 / 00772)
022D66 (00338 / 00772)
022FF2 (00132 / 00772)
023076 (00357 / 00772)
0231DB (00062 / 00772)
023219 (00190 / 01028)
023CE2 (00349 / 01028)
023E3F (00114 / 01028)
023EB1 (00328 / 01028)
0247AB (00294 / 01028)
024F67 (00277 / 01028)
02507C (00195 / 01028)
02513F (00162 / 01028)
0251E1 (00112 / 01028)
025251 (00108 / 01028)
0252BD (00106 / 00772)
02563F (00126 / 01028)
025A7A (00578 / 01028)
025D88 (00129 / 00772)
025E09 (00252 / 00772)
02606F (00206 / 00772)
0265F1 (00524 / 01028)
026B5B (00280 / 01028)
03B400 (03507 / 08192)
03C1B3 (01301 / 08192)
03C6C8 (02917 / 08192)
03D22D (04324 / 08192)
03E6D2 (01593 / 08192)
03ED0B (02301 / 08192)
03F608 (01556 / 08192)
03FC1C (02676 / 08192)
0424B5 (03366 / 08192)
0444E0 (01715 / 08192)
044B93 (03046 / 08192)
045779 (01266 / 08192)
04767C (01843 / 08192)
047DAF (02999 / 08192)
048966 (03266 / 08192)
049628 (02680 / 08192)
04A0A0 (01744 / 08192)
04A770 (02701 / 08192)
04B1FD (02230 / 08192)
04C17F (01303 / 08192)
04C696 (02990 / 08192)
04D244 (03033 / 08192)
04DE1D (04493 / 08192)
04EFAA (03472 / 08192)
04FD3A (02647 / 08192)
050791 (02268 / 08192)
05106D (02884 / 08192)
052445 (03373 / 08192)
053172 (04293 / 08192)
054237 (01652 / 08192)
0548AB (01852 / 08192)
054FE7 (03299 / 08192)
055CCA (01598 / 08192)
056308 (02542 / 08192)
056CF6 (00838 / 08192)
05793A (01928 / 08192)
0580C2 (02810 / 08192)
058BBC (02838 / 08192)
0596D2 (04407 / 08192)
05A809 (02219 / 08192)
05B0B4 (04018 / 08192)
05C066 (03154 / 08192)
05FF1A (04046 / 08192)
06230A (01409 / 08192)
06288B (03955 / 08192)
0637FE (02656 / 08192)
065460 (02142 / 08192)
065CBE (03276 / 08192)
06698A (01614 / 08192)
066FD8 (04382 / 08192)
0695DE (03262 / 08192)
06AB51 (03548 / 08192)
06C22C (03133 / 08192)
06CE69 (03510 / 08192)
06DF10 (03230 / 08192)
075D12 (03122 / 08192)
076944 (01577 / 08192)
076F6D (01739 / 08192)
077638 (02010 / 08192)
